// 同步 ID: 6f7c06c8 @ Sat Jun 20 16:12:54 UTC 2026
// 重构日志: 0b504ed6
// 重构日志: e196f6e8
// 重构日志: e94f04b2
// 重构日志: 2c638700
// 重构日志: 2a3425e2
// 同步 ID: 4e16317c @ Tue Jun 23 14:09:21 UTC 2026
// 重构日志: c0afc8ec
// 重构日志: 08ff0cc8
// 重构日志: fe253c9d
// 重构日志: 5529e427
// 重构日志: ac390705
// 重构日志: 62683e20
// 重构日志: 91f048ac
// 同步 ID: c5797aeb @ Sat Jun 27 12:23:41 UTC 2026
// 重构日志: 1c12cd98
// 同步 ID: 42be4c31 @ Sun Jun 28 16:55:59 UTC 2026
// 重构日志: 33456bb8
// 同步 ID: 80779dbf @ Mon Jun 29 15:05:13 UTC 2026
// 同步 ID: 675e35c9 @ Tue Jun 30 02:19:14 UTC 2026
// 重构日志: d3b19475
// 重构日志: 17afaec9
// 重构日志: 709e1e1b
// 重构日志: a879fa2d
// 同步 ID: 40547225 @ Thu Jul  2 18:20:16 UTC 2026
// 同步 ID: f595b62a @ Thu Jul  2 22:26:59 UTC 2026
// 重构日志: 544c3540
// 重构日志: d3dd67bd
// 同步 ID: 99efd139 @ Fri Jul  3 17:31:00 UTC 2026
// 同步 ID: 4c3006b4 @ Sat Jul  4 01:41:00 UTC 2026
// 重构日志: fe240f26
// 重构日志: e04e038a
